[2024-04-20 18:42:46.571]  TEMPERATURE = 28.05 degree C
[2024-04-20 18:42:46.579]  HUMIDITY = 42.53 %
[2024-04-20 18:42:46.579]  ACCELERATION = 97 230 990
[2024-04-20 18:42:46.579]  TEMPERATURE = 28.03 degree C
[2024-04-20 18:42:46.579]  HUMIDITY = 42.60 %
[2024-04-20 18:42:46.579]  ACCELERATION = 93 237 978
[2024-04-20 18:42:46.579]  TEMPERATURE = 28.03 degree C
[2024-04-20 18:42:46.579]  HUMIDITY = 42.59 %
[2024-04-20 18:42:46.579]  ACCELERATION = 101 237 982
[2024-04-20 18:42:46.579]  TEMPERATURE = 28.05 degree C
[2024-04-20 18:42:46.579]  HUMIDITY = 42.55 %
[2024-04-20 18:42:46.587]  ACCELERATION = 101 237 990
[2024-04-20 18:42:46.587]  TEMPERATURE = 28.05 degree C
[2024-04-20 18:42:46.587]  HUMIDITY = 42.52 %
[2024-04-20 18:42:46.587]  ACCELERATION = 101 234 978
[2024-04-20 18:42:46.587]  TEMPERATURE = 28.05 degree C
[2024-04-20 18:42:46.587]  HUMIDITY = 42.58 %
[2024-04-20 18:42:46.587]  ACCELERATION = 97 237 978
[2024-04-20 18:42:46.587]  TEMPERATURE = 28.03 degree C
[2024-04-20 18:42:46.587]  HUMIDITY = 42.58 %
[2024-04-20 18:42:46.587]  ACCELERATION = 97 237 982
[2024-04-20 18:42:46.595]  TEMPERATURE = 28.07 degree C
[2024-04-20 18:42:46.595]  HUMIDITY = 42.54 %
[2024-04-20 18:42:46.595]  ACCELERATION = 101 237 978
[2024-04-20 18:42:46.595]  TEMPERATURE = 28.05 degree C
[2024-04-20 18:42:46.595]  HUMIDITY = 42.55 %
[2024-04-20 18:42:46.595]  ACCELERATION = 97 230 990
[2024-04-20 18:42:46.595]  TEMPERATURE = 28.05 degree C
[2024-04-20 18:42:46.595]  HUMIDITY = 42.55 %
[2024-04-20 18:42:46.595]  ACCELERATION = 97 237 971
[2024-04-20 18:42:46.595]  TEMPERATURE = 28.05 degree C
[2024-04-20 18:42:46.603]  HUMIDITY = 42.51 %
[2024-04-20 18:42:46.603]  ACCELERATION = 97 237 975
[2024-04-20 18:42:46.603]  TEMPERATURE = 28.11 degree C
[2024-04-20 18:42:46.603]  HUMIDITY = 42.62 %
[2024-04-20 18:42:46.603]  ACCELERATION = 101 230 975
[2024-04-20 18:42:46.603]  TEMPERATURE = 28.07 degree C
[2024-04-20 18:42:46.603]  HUMIDITY = 42.54 %
[2024-04-20 18:42:46.603]  ACCELERATION = 93 234 978
[2024-04-20 18:42:46.603]  TEMPERATURE = 28.09 degree C
[2024-04-20 18:42:46.603]  HUMIDITY = 42.55 %
[2024-04-20 18:42:46.612]  ACCELERATION = 105 237 982
[2024-04-20 18:42:46.612]  TEMPERATURE = 28.07 degree C
[2024-04-20 18:42:46.612]  HUMIDITY = 42.54 %
[2024-04-20 18:42:46.612]  ACCELERATION = 93 234 975
[2024-04-20 18:42:46.612]  TEMPERATURE = 28.05 degree C
[2024-04-20 18:42:46.612]  HUMIDITY = 42.55 %
[2024-04-20 18:42:46.612]  ACCELERATION = 101 237 971
[2024-04-20 18:42:46.612]  TEMPERATURE = 28.07 degree C
[2024-04-20 18:42:46.612]  HUMIDITY = 42.54 %
[2024-04-20 18:42:46.612]  ACCELERATION = 101 237 978
[2024-04-20 18:42:46.612]  TEMPERATURE = 28.07 degree C
[2024-04-20 18:42:46.612]  HUMIDITY = 42.57 %
[2024-04-20 18:42:46.612]  ACCELERATION = 97 241 978
[2024-04-20 18:42:46.612]  TEMPERATURE = 28.07 degree C
[2024-04-20 18:42:46.612]  HUMIDITY = 42.49 %
[2024-04-20 18:42:46.612]  ACCELERATION = 97 237 982
[2024-04-20 18:42:46.612]  TEMPERATURE = 28.09 degree C
[2024-04-20 18:42:46.612]  HUMIDITY = 42.57 %
[2024-04-20 18:42:46.612]  ACCELERATION = 105 230 963
[2024-04-20 18:42:46.612]  TEMPERATURE = 28.05 degree C
[2024-04-20 18:42:46.612]  HUMIDITY = 42.49 %
[2024-04-20 18:42:46.620]  ACCELERATION = 97 230 978
[2024-04-20 18:42:46.620]  TEMPERATURE = 28.09 degree C
[2024-04-20 18:42:46.620]  HUMIDITY = 42.53 %
[2024-04-20 18:42:46.620]  ACCELERATION = 101 241 986
[2024-04-20 18:42:46.620]  TEMPERATURE = 28.05 degree C
[2024-04-20 18:42:46.620]  HUMIDITY = 42.55 %
[2024-04-20 18:42:46.620]  ACCELERATION = 97 237 982
[2024-04-20 18:42:47.037]  TEMPERATURE = 28.09 degree C
[2024-04-20 18:42:47.046]  HUMIDITY = 42.49 %
[2024-04-20 18:42:47.056]  ACCELERATION = 93 234 986
[2024-04-20 18:42:48.061]  TEMPERATURE = 28.05 degree C
[2024-04-20 18:42:48.077]  HUMIDITY = 42.49 %
[2024-04-20 18:42:48.089]  ACCELERATION = 105 230 975
[2024-04-20 18:42:49.092]  TEMPERATURE = 28.09 degree C
[2024-04-20 18:42:49.100]  HUMIDITY = 42.52 %
[2024-04-20 18:42:49.109]  ACCELERATION = 101 237 986
[2024-04-20 18:42:50.119]  TEMPERATURE = 28.09 degree C
[2024-04-20 18:42:50.127]  HUMIDITY = 42.50 %
[2024-04-20 18:42:50.135]  ACCELERATION = 97 234 978
[2024-04-20 18:42:51.146]  TEMPERATURE = 28.07 degree C
[2024-04-20 18:42:51.154]  HUMIDITY = 42.52 %
[2024-04-20 18:42:51.170]  ACCELERATION = 93 234 982
[2024-04-20 18:42:52.179]  TEMPERATURE = 28.05 degree C
[2024-04-20 18:42:52.191]  HUMIDITY = 42.54 %
[2024-04-20 18:42:52.199]  ACCELERATION = 101 230 986
[2024-04-20 18:42:53.209]  TEMPERATURE = 28.07 degree C
[2024-04-20 18:42:53.217]  HUMIDITY = 42.53 %
[2024-04-20 18:42:53.225]  ACCELERATION = 101 237 978
[2024-04-20 18:42:54.237]  TEMPERATURE = 28.09 degree C
[2024-04-20 18:42:54.248]  HUMIDITY = 42.52 %
[2024-04-20 18:42:54.253]  ACCELERATION = 101 241 978
[2024-04-20 18:42:55.263]  TEMPERATURE = 28.09 degree C
[2024-04-20 18:42:55.271]  HUMIDITY = 42.55 %
[2024-04-20 18:42:55.279]  ACCELERATION = 97 234 978
[2024-04-20 18:42:56.289]  TEMPERATURE = 28.07 degree C
[2024-04-20 18:42:56.297]  HUMIDITY = 42.48 %
[2024-04-20 18:42:56.305]  ACCELERATION = 101 230 986
[2024-04-20 18:42:57.319]  TEMPERATURE = 28.09 degree C
[2024-04-20 18:42:57.328]  HUMIDITY = 42.49 %
[2024-04-20 18:42:57.336]  ACCELERATION = 93 241 990
[2024-04-20 18:42:58.345]  TEMPERATURE = 28.09 degree C
[2024-04-20 18:42:58.353]  HUMIDITY = 42.45 %
[2024-04-20 18:42:58.361]  ACCELERATION = 101 234 975
[2024-04-20 18:42:59.379]  TEMPERATURE = 28.07 degree C
[2024-04-20 18:42:59.387]  HUMIDITY = 42.46 %
[2024-04-20 18:42:59.395]  ACCELERATION = 93 234 978
[2024-04-20 18:43:00.402]  TEMPERATURE = 28.11 degree C
[2024-04-20 18:43:00.410]  HUMIDITY = 42.46 %
[2024-04-20 18:43:00.420]  ACCELERATION = 93 234 986
[2024-04-20 18:43:01.431]  TEMPERATURE = 28.07 degree C
[2024-04-20 18:43:01.439]  HUMIDITY = 42.38 %
[2024-04-20 18:43:01.447]  ACCELERATION = 97 241 971
[2024-04-20 18:43:02.462]  TEMPERATURE = 28.09 degree C
[2024-04-20 18:43:02.470]  HUMIDITY = 42.40 %
[2024-04-20 18:43:02.481]  ACCELERATION = 101 234 982
[2024-04-20 18:43:03.493]  TEMPERATURE = 28.09 degree C
[2024-04-20 18:43:03.501]  HUMIDITY = 42.43 %
[2024-04-20 18:43:03.509]  ACCELERATION = 89 241 982
[2024-04-20 18:43:04.516]  TEMPERATURE = 28.11 degree C
[2024-04-20 18:43:04.524]  HUMIDITY = 42.40 %
[2024-04-20 18:43:04.540]  ACCELERATION = 101 237 982
[2024-04-20 18:43:05.544]  TEMPERATURE = 28.07 degree C
[2024-04-20 18:43:05.552]  HUMIDITY = 42.49 %
[2024-04-20 18:43:05.560]  ACCELERATION = 97 234 975
[2024-04-20 18:43:06.572]  TEMPERATURE = 28.09 degree C
[2024-04-20 18:43:06.586]  HUMIDITY = 42.47 %
[2024-04-20 18:43:06.595]  ACCELERATION = 97 237 978
[2024-04-20 18:43:07.606]  TEMPERATURE = 28.13 degree C
[2024-04-20 18:43:07.614]  HUMIDITY = 42.43 %
[2024-04-20 18:43:07.622]  ACCELERATION = 101 230 978
[2024-04-20 18:43:08.630]  TEMPERATURE = 28.09 degree C
[2024-04-20 18:43:08.638]  HUMIDITY = 42.44 %
[2024-04-20 18:43:08.638]  ACCELERATION = 101 234 982
[2024-04-20 18:43:09.665]  TEMPERATURE = 28.11 degree C
[2024-04-20 18:43:09.676]  HUMIDITY = 42.45 %
[2024-04-20 18:43:09.676]  ACCELERATION = 97 234 986
[2024-04-20 18:43:10.692]  TEMPERATURE = 28.09 degree C
[2024-04-20 18:43:10.693]  HUMIDITY = 42.42 %
[2024-04-20 18:43:10.709]  ACCELERATION = 97 226 982
[2024-04-20 18:43:11.713]  TEMPERATURE = 28.09 degree C
[2024-04-20 18:43:11.722]  HUMIDITY = 42.45 %
[2024-04-20 18:43:11.739]  ACCELERATION = 97 234 978
[2024-04-20 18:43:12.739]  TEMPERATURE = 28.07 degree C
[2024-04-20 18:43:12.756]  HUMIDITY = 42.44 %
[2024-04-20 18:43:12.763]  ACCELERATION = 101 234 982
[2024-04-20 18:43:13.766]  TEMPERATURE = 28.13 degree C
[2024-04-20 18:43:13.783]  HUMIDITY = 42.42 %
[2024-04-20 18:43:13.790]  ACCELERATION = 93 226 975
[2024-04-20 18:43:14.805]  TEMPERATURE = 28.13 degree C
[2024-04-20 18:43:14.813]  HUMIDITY = 42.43 %
[2024-04-20 18:43:14.813]  ACCELERATION = 97 237 982
[2024-04-20 18:43:15.828]  TEMPERATURE = 28.11 degree C
[2024-04-20 18:43:15.836]  HUMIDITY = 42.36 %
[2024-04-20 18:43:15.855]  ACCELERATION = 97 226 986
[2024-04-20 18:43:16.855]  TEMPERATURE = 28.09 degree C
[2024-04-20 18:43:16.872]  HUMIDITY = 42.42 %
[2024-04-20 18:43:16.879]  ACCELERATION = 97 234 986
[2024-04-20 18:43:17.889]  TEMPERATURE = 28.11 degree C
[2024-04-20 18:43:17.889]  HUMIDITY = 42.40 %
[2024-04-20 18:43:17.906]  ACCELERATION = 89 249 990
[2024-04-20 18:43:37.079]  TEMPERATURE = 28.23 degree C
[2024-04-20 18:43:37.095]  HUMIDITY = 43.42 %
[2024-04-20 18:43:37.103]  ACCELERATION = -120 858 483
[2024-04-20 18:43:38.109]  TEMPERATURE = 28.27 degree C
[2024-04-20 18:43:38.117]  HUMIDITY = 43.39 %
[2024-04-20 18:43:38.126]  ACCELERATION = -120 861 483
[2024-04-20 18:43:39.141]  TEMPERATURE = 28.27 degree C
[2024-04-20 18:43:39.149]  HUMIDITY = 43.31 %
[2024-04-20 18:43:39.159]  ACCELERATION = -101 881 405
[2024-04-20 18:43:40.167]  TEMPERATURE = 28.25 degree C
[2024-04-20 18:43:40.173]  HUMIDITY = 43.28 %
[2024-04-20 18:43:40.183]  ACCELERATION = -128 951 253
[2024-04-20 18:43:41.197]  TEMPERATURE = 28.27 degree C
[2024-04-20 18:43:41.229]  HUMIDITY = 43.26 %
[2024-04-20 18:43:41.229]  ACCELERATION = -117 889 417
[2024-04-20 18:43:42.227]  TEMPERATURE = 28.25 degree C
[2024-04-20 18:43:42.235]  HUMIDITY = 43.16 %
[2024-04-20 18:43:42.235]  ACCELERATION = -105 978 101
[2024-04-20 18:43:43.256]  TEMPERATURE = 28.29 degree C
[2024-04-20 18:43:43.264]  HUMIDITY = 43.12 %
[2024-04-20 18:43:43.272]  ACCELERATION = -97 971 140
[2024-04-20 18:43:44.284]  TEMPERATURE = 28.31 degree C
[2024-04-20 18:43:44.289]  HUMIDITY = 43.05 %
[2024-04-20 18:43:44.297]  ACCELERATION = -89 963 183
[2024-04-20 18:43:45.299]  TEMPERATURE = 28.29 degree C
[2024-04-20 18:43:45.323]  HUMIDITY = 43.04 %
[2024-04-20 18:43:45.331]  ACCELERATION = -89 963 210
[2024-04-20 18:43:46.337]  TEMPERATURE = 28.29 degree C
[2024-04-20 18:43:46.345]  HUMIDITY = 42.98 %
[2024-04-20 18:43:46.345]  ACCELERATION = -89 951 226
[2024-04-20 18:43:47.447]  TEMPERATURE = 28.31 degree C
[2024-04-20 18:43:47.447]  HUMIDITY = 42.96 %
[2024-04-20 18:43:47.447]  ACCELERATION = -93 951 214
[2024-04-20 18:43:48.392]  TEMPERATURE = 28.35 degree C
[2024-04-20 18:43:48.408]  HUMIDITY = 42.92 %
[2024-04-20 18:43:48.416]  ACCELERATION = -105 963 218
[2024-04-20 18:43:49.422]  TEMPERATURE = 28.31 degree C
[2024-04-20 18:43:49.430]  HUMIDITY = 42.84 %
[2024-04-20 18:43:49.438]  ACCELERATION = -93 955 210
[2024-04-20 18:43:50.454]  TEMPERATURE = 28.31 degree C
[2024-04-20 18:43:50.462]  HUMIDITY = 42.80 %
[2024-04-20 18:43:50.470]  ACCELERATION = -97 951 218
[2024-04-20 18:43:51.481]  TEMPERATURE = 28.31 degree C
[2024-04-20 18:43:51.489]  HUMIDITY = 42.78 %
[2024-04-20 18:43:51.497]  ACCELERATION = -97 955 218
[2024-04-20 18:43:52.512]  TEMPERATURE = 28.33 degree C
[2024-04-20 18:43:52.519]  HUMIDITY = 42.76 %
[2024-04-20 18:43:52.527]  ACCELERATION = -93 951 218
[2024-04-20 18:43:53.534]  TEMPERATURE = 28.33 degree C
[2024-04-20 18:43:53.542]  HUMIDITY = 42.73 %
[2024-04-20 18:43:53.558]  ACCELERATION = -89 951 206
[2024-04-20 18:43:54.563]  TEMPERATURE = 28.33 degree C
[2024-04-20 18:43:54.571]  HUMIDITY = 42.65 %
[2024-04-20 18:43:54.587]  ACCELERATION = -97 959 214
[2024-04-20 18:43:55.596]  TEMPERATURE = 28.36 degree C
[2024-04-20 18:43:55.602]  HUMIDITY = 42.62 %
[2024-04-20 18:43:55.618]  ACCELERATION = -89 963 218
[2024-04-20 18:43:56.622]  TEMPERATURE = 28.38 degree C
[2024-04-20 18:43:56.633]  HUMIDITY = 42.58 %
[2024-04-20 18:43:56.641]  ACCELERATION = -93 951 210
[2024-04-20 18:43:57.654]  TEMPERATURE = 28.35 degree C
[2024-04-20 18:43:57.662]  HUMIDITY = 42.51 %
[2024-04-20 18:43:57.670]  ACCELERATION = -97 955 202
[2024-04-20 18:43:58.676]  TEMPERATURE = 28.38 degree C
[2024-04-20 18:43:58.692]  HUMIDITY = 42.48 %
[2024-04-20 18:43:58.701]  ACCELERATION = -101 959 214
[2024-04-20 18:43:59.709]  TEMPERATURE = 28.38 degree C
[2024-04-20 18:43:59.722]  HUMIDITY = 42.46 %
[2024-04-20 18:43:59.725]  ACCELERATION = -93 959 218
[2024-04-20 18:44:00.734]  TEMPERATURE = 28.38 degree C
[2024-04-20 18:44:00.742]  HUMIDITY = 42.42 %
[2024-04-20 18:44:00.756]  ACCELERATION = -97 959 206
[2024-04-20 18:44:01.762]  TEMPERATURE = 28.42 degree C
[2024-04-20 18:44:01.778]  HUMIDITY = 42.45 %
[2024-04-20 18:44:01.778]  ACCELERATION = -93 951 210
[2024-04-20 18:44:02.791]  TEMPERATURE = 28.38 degree C
[2024-04-20 18:44:02.801]  HUMIDITY = 42.33 %
[2024-04-20 18:44:02.808]  ACCELERATION = -93 959 210
[2024-04-20 18:44:03.823]  TEMPERATURE = 28.40 degree C
[2024-04-20 18:44:03.833]  HUMIDITY = 42.36 %
[2024-04-20 18:44:03.841]  ACCELERATION = -93 943 218
[2024-04-20 18:44:04.851]  TEMPERATURE = 28.38 degree C
[2024-04-20 18:44:04.859]  HUMIDITY = 42.32 %
[2024-04-20 18:44:04.867]  ACCELERATION = -101 955 210
[2024-04-20 18:44:05.880]  TEMPERATURE = 28.40 degree C
[2024-04-20 18:44:05.888]  HUMIDITY = 42.34 %
[2024-04-20 18:44:05.896]  ACCELERATION = -97 951 214
[2024-04-20 18:44:06.905]  TEMPERATURE = 28.42 degree C
[2024-04-20 18:44:06.914]  HUMIDITY = 42.29 %
[2024-04-20 18:44:06.922]  ACCELERATION = -85 955 218
[2024-04-20 18:44:07.933]  TEMPERATURE = 28.44 degree C
[2024-04-20 18:44:07.940]  HUMIDITY = 42.28 %
[2024-04-20 18:44:07.956]  ACCELERATION = -97 955 210
[2024-04-20 18:44:08.966]  TEMPERATURE = 28.44 degree C
[2024-04-20 18:44:08.974]  HUMIDITY = 42.17 %
[2024-04-20 18:44:08.982]  ACCELERATION = -101 955 210
[2024-04-20 18:44:10.031]  TEMPERATURE = 28.44 degree C
[2024-04-20 18:44:10.031]  HUMIDITY = 42.14 %
[2024-04-20 18:44:10.031]  ACCELERATION = -101 959 214
[2024-04-20 18:44:11.023]  TEMPERATURE = 28.42 degree C
[2024-04-20 18:44:11.026]  HUMIDITY = 42.16 %
[2024-04-20 18:44:11.036]  ACCELERATION = -101 959 183
[2024-04-20 18:44:12.050]  TEMPERATURE = 28.44 degree C
[2024-04-20 18:44:12.058]  HUMIDITY = 42.16 %
[2024-04-20 18:44:12.066]  ACCELERATION = -97 971 152
[2024-04-20 18:44:13.074]  TEMPERATURE = 28.44 degree C
[2024-04-20 18:44:13.083]  HUMIDITY = 42.05 %
[2024-04-20 18:44:13.083]  ACCELERATION = -93 943 265
[2024-04-20 18:44:14.094]  TEMPERATURE = 28.46 degree C
[2024-04-20 18:44:14.118]  HUMIDITY = 42.14 %
[2024-04-20 18:44:14.126]  ACCELERATION = -109 932 210
[2024-04-20 18:44:15.132]  TEMPERATURE = 28.46 degree C
[2024-04-20 18:44:15.132]  HUMIDITY = 42.01 %
[2024-04-20 18:44:15.154]  ACCELERATION = -70 826 315
[2024-04-20 18:44:16.165]  TEMPERATURE = 28.44 degree C
[2024-04-20 18:44:16.170]  HUMIDITY = 41.97 %
[2024-04-20 18:44:16.178]  ACCELERATION = -132 939 358
[2024-04-20 18:47:25.687]  TEMPERATURE = 29.01 degree C
[2024-04-20 18:47:25.695]  HUMIDITY = 38.09 %
[2024-04-20 18:47:25.703]  ACCELERATION = -85 916 -397
[2024-04-20 18:47:26.718]  TEMPERATURE = 29.03 degree C
[2024-04-20 18:47:26.726]  HUMIDITY = 37.90 %
[2024-04-20 18:47:26.734]  ACCELERATION = 58 869 -468
[2024-04-20 18:47:27.744]  TEMPERATURE = 29.01 degree C
[2024-04-20 18:47:27.744]  HUMIDITY = 37.89 %
[2024-04-20 18:47:27.760]  ACCELERATION = -46 881 -456
[2024-04-20 18:47:28.771]  TEMPERATURE = 29.03 degree C
[2024-04-20 18:47:28.786]  HUMIDITY = 37.74 %
[2024-04-20 18:47:28.787]  ACCELERATION = 58 900 -4 TEMPERATURE = 28.35 degree C
[2024-04-20 18:49:05.222]  HUMIDITY = 35.15 %
[2024-04-20 18:49:05.230]  ACCELERATION = -15 908 -362
[2024-04-20 18:49:06.242]  TEMPERATURE = 28.35 degree C
[2024-04-20 18:49:06.242]  HUMIDITY = 35.17 %
[2024-04-20 18:49:06.262]  ACCELERATION = -15 900 -405
[2024-04-20 18:49:07.260]  TEMPERATURE = 28.35 degree C
[2024-04-20 18:49:07.276]  HUMIDITY = 35.14 %
[2024-04-20 18:49:07.284]  ACCELERATION = -66 897 -393
[2024-04-20 18:49:08.300]  TEMPERATURE = 28.36 degree C
[2024-04-20 18:49:08.308]  HUMIDITY = 35.16 %
[2024-04-20 18:49:08.317]  ACCELERATION = -58 900 -401
[2024-04-20 18:49:09.318]  TEMPERATURE = 28.35 degree C
[2024-04-20 18:49:09.334]  HUMIDITY = 35.18 %
[2024-04-20 18:49:09.346]  ACCELERATION = -54 908 -397
[2024-04-20 18:49:10.351]  TEMPERATURE = 28.33 degree C
[2024-04-20 18:49:10.360]  HUMIDITY = 35.14 %
[2024-04-20 18:49:10.376]  ACCELERATION = -46 904 -382
[2024-04-20 18:49:11.382]  TEMPERATURE = 28.29 degree C
[2024-04-20 18:49:11.391]  HUMIDITY = 35.09 %
[2024-04-20 18:49:11.391]  ACCELERATION = -42 908 -390
[2024-04-20 18:49:12.410]  TEMPERATURE = 28.35 degree C
[2024-04-20 18:49:12.410]  HUMIDITY = 35.08 %
[2024-04-20 18:49:12.426]  ACCELERATION = -31 904 -405
[2024-04-20 18:49:13.441]  TEMPERATURE = 28.31 degree C
[2024-04-20 18:49:13.448]  HUMIDITY = 35.07 %
[2024-04-20 18:49:13.457]  ACCELERATION = -31 912 -386
[2024-04-20 18:49:14.466]  TEMPERATURE = 28.25 degree C
[2024-04-20 18:49:14.474]  HUMIDITY = 35.10 %
[2024-04-20 18:49:14.490]  ACCELERATION = -31 897 -405
[2024-04-20 18:49:15.497]  TEMPERATURE = 28.25 degree C
[2024-04-20 18:49:15.505]  HUMIDITY = 35.05 %
[2024-04-20 18:49:15.505]  ACCELERATION = -42 900 -390
[2024-04-20 18:49:16.528]  TEMPERATURE = 28.27 degree C
[2024-04-20 18:49:16.534]  HUMIDITY = 35.08 %
[2024-04-20 18:49:16.542]  ACCELERATION = -39 904 -405
[2024-04-20 18:49:17.547]  TEMPERATURE = 28.25 degree C
[2024-04-20 18:49:17.567]  HUMIDITY = 35.06 %
[2024-04-20 18:49:17.571]  ACCELERATION = -39 900 -390
[2024-04-20 18:49:18.583]  TEMPERATURE = 28.27 degree C
[2024-04-20 18:49:18.583]  HUMIDITY = 35.07 %
[2024-04-20 18:49:18.599]  ACCELERATION = -39 908 -382
[2024-04-20 18:49:19.610]  TEMPERATURE = 28.27 degree C
[2024-04-20 18:49:19.619]  HUMIDITY = 35.03 %
[2024-04-20 18:49:19.619]  ACCELERATION = -42 908 -397
[2024-04-20 18:49:20.657]  TEMPERATURE = 28.25 degree C
[2024-04-20 18:49:20.657]  HUMIDITY = 35.03 %
[2024-04-20 18:49:20.657]  ACCELERATION = -35 904 -401
[2024-04-20 18:49:21.663]  TEMPERATURE = 28.25 degree C
[2024-04-20 18:49:21.679]  HUMIDITY = 35.02 %
[2024-04-20 18:49:21.679]  ACCELERATION = -191 904 -347
[2024-04-20 18:49:22.699]  TEMPERATURE = 28.25 degree C
[2024-04-20 18:49:22.707]  HUMIDITY = 35.03 %
[2024-04-20 18:49:22.716]  ACCELERATION = -70 916 -378
[2024-04-20 18:49:23.723]  TE TEMPERATURE = 27.58 degree C
[2024-04-20 18:50:31.753]  HUMIDITY = 34.44 %
[2024-04-20 18:50:31.761]  ACCELERATION = -113 897 -405
[2024-04-20 18:50:32.768]  TEMPERATURE = 27.58 degree C
[2024-04-20 18:50:32.784]  HUMIDITY = 34.46 %
[2024-04-20 18:50:32.789]  ACCELERATION = -93 900 -405
[2024-04-20 18:50:33.799]  TEMPERATURE = 27.58 degree C
[2024-04-20 18:50:33.810]  HUMIDITY = 34.47 %
[2024-04-20 18:50:33.818]  ACCELERATION = -85 889 -397
[2024-04-20 18:50:34.818]  TEMPERATURE = 27.56 degree C
[2024-04-20 18:50:34.834]  HUMIDITY = 34.42 %
[2024-04-20 18:50:34.842]  ACCELERATION = -124 912 -413
[2024-04-20 18:50:35.860]  TEMPERATURE = 27.56 degree C
[2024-04-20 18:50:35.860]  HUMI TEMPERATURE = 26.99 degree C
[2024-04-20 18:51:43.501]  HUMIDITY = 34.01 %
[2024-04-20 18:51:43.501]  ACCELERATION = -46 990 -7
[2024-04-20 18:51:44.505]  TEMPERATURE = 26.99 degree C
[2024-04-20 18:51:44.521]  HUMIDITY = 34.04 %
[2024-04-20 18:51:44.529]  ACCELERATION = -109 990 -7
[2024-04-20 18:51:45.543]  TEMPERATURE = 26.97 degree C
[2024-04-20 18:51:45.551]  HUMIDITY = 33.97 %
[2024-04-20 18:51:45.559]  ACCELERATION = -171 975 -11
[2024-04-20 18:51:46.573]  TEMPERATURE = 26.99 degree C
[2024-04-20 18:51:46.581]  HUMIDITY = 34.05 %
[2024-04-20 18:51:46.589]  ACCELERATION = 23 975 35
[2024-04-20 18:51:46.593] 
[2024-04-20 18:51:47.600]  TEMPERATURE = 26.99 degree C
[2024-04-20 18:51:47.609]  HUMIDITY = 33.97 %
[2024-04-20 18:51:47.618]  ACCELERATION = -81 990 -7
[2024-04-20 18:51:48.629]  TEMPERATURE = 26.99 degree C
[2024-04-20 18:51:48.637]  HUMIDITY = 34.00 %
[2024-04-20 18:51:48.646]  ACCELERATION = -97 994 81
[2024-04-20 18:51:49.657]  TEMPERATURE = 26.97 degree C
[2024-04-20 18:51:49.659]  HUMIDITY = 33.95 %
[2024-04-20 18:51:49.667]  ACCELERATION = -7 990 50
[2024-04-20 18:51:50.681]  TEMPERATURE = 26.97 degree C
[2024-04-20 18:51:50.681]  HUMIDITY = 33.99 %
[2024-04-20 18:51:50.702]  ACCELERATION = -35 1002 27
[2024-04-20 18:51:51.707]  TEMPERATURE = 27.01 degree C
[2024-04-20 18:51:51.716]  HUMIDITY = 33.97 %
[2024-04-20 18:51:51.732]  ACCELERATION = -11 963 46
[2024-04-20 18:51:52.741]  TEMPERATURE = 26.97 degree C
[2024-04-20 18:51:52.749]  HUMIDITY = 33.93 %
[2024-04-20 18:51:52.749]  ACCELERATION = -7 1010 0
[2024-04-20 18:51:53.767]  TEMPERATURE = 26.93 degree C
[2024-04-20 18:51:53.775]  HUMIDITY = 33.99 %
[2024-04-20 18:51:53.783]  ACCELERATION = 58 971 -27
[2024-04-20 18:51:54.795]  TEMPERATURE = 26.95 degree C
[2024-04-20 18:51:54.795]  HUMIDITY = 33.94 %
[2024-04-20 18:51:54.811]  ACCELERATION = 81 998 -113
[2024-04-20 18:51:55.828]  TEMPERATURE = 26.95 degree C
[2024-04-20 18:51:55.836]  HUMIDITY = 33.95 %
[2024-04-20 18:51:55.845]  ACCELERATION = -7 1033 -257
[2024-04-20 18:51:56.852]  TEMPERATURE = 26.91 degree C
[2024-04-20 18:51:56.861]  HUMIDITY = 33.95 %
[2024-04-20 18:51:56.875]  ACCELERATION = 3 1017 -124
[2024-04-20 18:51:57.885]  TEMPERATURE = 26.95 degree C
[2024-04-20 18:51:57.893]  HUMIDITY = 33.91 %
[2024-04-20 18:51:57.901]  ACCELERATION = 58 994 -7
[2024-04-20 18:51:58.902]  TEMPERATURE = 26.95 degree C
[2024-04-20 18:51:58.917]  HUMIDITY = 33.96 %
[2024-04-20 18:51:58.925]  ACCELERATION = 19 908 81
[2024-04-20 18:51:59.939]  TEMPERATURE = 26.93 degree C
[2024-04-20 18:51:59.947]  HUMIDITY = 33.94 %
[2024-04-20 18:51:59.956]  ACCELERATION = 35 975 78
[2024-04-20 18:52:00.958]  TEMPERATURE = 26.91 degree C
[2024-04-20 18:52:00.976]  HUMIDITY = 33.95 %
[2024-04-20 18:52:00.982]  ACCELERATION = 46 994 35
[2024-04-20 18:52:01.991]  TEMPERATURE = 26.95 degree C
[2024-04-20 18:52:02.009]  HUMIDITY = 33.88 %
[2024-04-20 18:52:02.015]  ACCELERATION = 19 1025 50
[2024-04-20 18:52:03.024]  TEMPERATURE = 26.97 degree C
[2024-04-20 18:52:03.031]  HUMIDITY = 33.94 %
[2024-04-20 18:52:03.040]  ACCELERATION = -11 982 89
[2024-04-20 18:52:04.046]  TEMPERATURE = 26.91 degree C
[2024-04-20 18:52:04.062]  HUMIDITY = 33.86 %
[2024-04-20 18:52:04.070]  ACCELERATION = -35 1017 50
[2024-04-20 18:52:05.081]  TEMPERATURE = 26.91 degree C
[2024-04-20 18:52:05.089]  HUMIDITY = 33.89 %
[2024-04-20 18:52:05.089]  ACCELERATION = -132 998 -7
[2024-04-20 18:52:06.107]  TEMPERATURE = 26.89 degree C
[2024-04-20 18:52:06.115]  HUMIDITY = 33.87 %
[2024-04-20 18:52:06.128]  ACCELERATION = -50 1045 3
[2024-04-20 18:52:07.130]  TEMPERATURE = 26.89 degree C
[2024-04-20 18:52:07.146]  HUMIDITY = 33.87 %
[2024-04-20 18:52:07.154]  ACCELERATION = -62 1017 19
[2024-04-20 18:52:08.170]  TEMPERATURE = 26.91 degree C
[2024-04-20 18:52:08.174]  HUMIDITY = 33.91 %
[2024-04-20 18:52:08.185]  ACCELERATION = -101 928 66
[2024-04-20 18:52:09.191]  TEMPERATURE = 26.91 degree C
[2024-04-20 18:52:09.205]  HUMIDITY = 33.90 %
[2024-04-20 18:52:09.216]  ACCELERATION = -117 893 74
[2024-04-20 18:52:10.225]  TEMPERATURE = 26.86 degree C
[2024-04-20 18:52:10.235]  HUMIDITY = 33.92 %
[2024-04-20 18:52:10.235]  ACCELERATION = -109 924 35
[2024-04-20 18:52:11.255]  TEMPERATURE = 26.89 degree C
[2024-04-20 18:52:11.255]  HUMIDITY = 33.92 %
[2024-04-20 18:52:11.272]  ACCELERATION = -70 936 93
[2024-04-20 18:52:12.283]  TEMPERATURE = 26.89 degree C
[2024-04-20 18:52:12.286]  HUMIDITY = 33.90 %
[2024-04-20 18:52:12.295]  ACCELERATION = -78 971 50
[2024-04-20 18:52:13.309]  TEMPERATURE = 26.88 degree C
[2024-04-20 18:52:13.317]  HUMIDITY = 33.91 %
[2024-04-20 18:52:13.327]  ACCELERATION = -93 1033 78
[2024-04-20 18:52:14.340]  TEMPERATURE = 26.86 degree C
[2024-04-20 18:52:14.346]  HUMIDITY = 33.89 %
[2024-04-20 18:52:14.357]  ACCELERATION = -54 994 132
[2024-04-20 18:52:15.365]  TEMPERATURE = 26.88 degree C
[2024-04-20 18:52:15.373]  HUMIDITY = 33.97 %
[2024-04-20 18:52:15.381]  ACCELERATION = -42 975 85
[2024-04-20 18:52:16.393]  TEMPERATURE = 26.89 degree C
[2024-04-20 18:52:16.401]  HUMIDITY = 33.92 %
[2024-04-20 18:52:16.401]  ACCELERATION = -81 967 66
[2024-04-20 18:52:17.425]  TEMPERATURE = 26.86 degree C
[2024-04-20 18:52:17.426]  HUMIDITY = 33.89 %
[2024-04-20 18:52:17.435]  ACCELERATION = -74 986 19
[2024-04-20 18:52:18.454]  TEMPERATURE = 26.88 degree C
[2024-04-20 18:52:18.462]  HUMIDITY = 33.92 %
[2024-04-20 18:52:18.471]  ACCELERATION = -78 986 11
[2024-04-20 18:52:19.475]  TEMPERATURE = 26.84 degree C
[2024-04-20 18:52:19.475]  HUMIDITY = 33.97 %
[2024-04-20 18:52:19.499]  ACCELERATION = -62 998 15
[2024-04-20 18:52:20.507]  TEMPERATURE = 26.84 degree C
[2024-04-20 18:52:20.515]  HUMIDITY = 33.94 %
[2024-04-20 18:52:20.515]  ACCELERATION = 31 1002 50
[2024-04-20 18:52:21.532]  TEMPERATURE = 26.82 degree C
[2024-04-20 18:52:21.540]  HUMIDITY = 33.95 %
[2024-04-20 18:52:21.548]  ACCELERATION = -46 967 -3
[2024-04-20 18:52:22.565]  TEMPERATURE = 26.82 degree C
[2024-04-20 18:52:22.573]  HUMIDITY = 33.90 %
[2024-04-20 18:52:22.582]  ACCELERATION = 50 978 -58
[2024-04-20 18:52:23.588]  TEMPERATURE = 26.82 degree C
[2024-04-20 18:52:23.598]  HUMIDITY = 33.97 %
[2024-04-20 18:52:23.606]  ACCELERATION = -54 1025 -46
[2024-04-20 18:52:24.619]  TEMPERATURE = 26.86 degree C
[2024-04-20 18:52:24.619]  HUMIDITY = 33.95 %
[2024-04-20 18:52:24.635]  ACCELERATION = 19 955 105
[2024-04-20 18:52:25.652]  TEMPERATURE = 26.84 degree C
[2024-04-20 18:52:25.662]  HUMIDITY = 34.01 %
[2024-04-20 18:52:25.669]  ACCELERATION = -11 1002 81
[2024-04-20 18:52:26.681]  TEMPERATURE = 26.82 degree C
[2024-04-20 18:52:26.687]  HUMIDITY = 33.98 %
[2024-04-20 18:52:26.699]  ACCELERATION = 39 1099 159
[2024-04-20 18:52:27.704]  TEMPERATURE = 26.80 degree C
[2024-04-20 18:52:27.712]  HUMIDITY = 34.00 %
[2024-04-20 18:52:27.712]  ACCELERATION = -58 990 -54
[2024-04-20 18:52:28.727]  TEMPERATURE = 26.80 degree C
[2024-04-20 18:52:28.743]  HUMIDITY = 34.08 %
[2024-04-20 18:52:28.750]  ACCELERATION = -31 990 -156
[2024-04-20 18:52:29.764]  TEMPERATURE = 26.78 degree C
[2024-04-20 18:52:29.775]  HUMIDITY = 33.97 %
[2024-04-20 18:52:29.781]  ACCELERATION = -15 920 -120
[2024-04-20 18:52:30.791]  TEMPERATURE = 26.86 degree C
[2024-04-20 18:52:30.802]  HUMIDITY = 34.02 %
[2024-04-20 18:52:30.802]  ACCELERATION = -23 967 -113
[2024-04-20 18:52:31.823]  TEMPERATURE = 26.82 degree C
[2024-04-20 18:52:31.827]  HUMIDITY = 34.03 %
[2024-04-20 18:52:31.838]  ACCELERATION = -58 1029 -74
[2024-04-20 18:52:32.841]  TEMPERATURE = 26.82 degree C
[2024-04-20 18:52:32.861]  HUMIDITY = 33.99 %
[2024-04-20 18:52:32.865]  ACCELERATION = -93 959 11
[2024-04-20 18:52:33.878]  TEMPERATURE = 26.80 degree C
[2024-04-20 18:52:33.887]  HUMIDITY = 34.08 %
[2024-04-20 18:52:33.897]  ACCELERATION = -74 955 -3
[2024-04-20 18:52:34.908]  TEMPERATURE = 26.82 degree C
[2024-04-20 18:52:34.915]  HUMIDITY = 34.11 %
[2024-04-20 18:52:34.926]  ACCELERATION = -31 986 -19
[2024-04-20 18:52:35.937]  TEMPERATURE = 26.82 degree C
[2024-04-20 18:52:35.946]  HUMIDITY = 34.06 %
[2024-04-20 18:52:35.954]  ACCELERATION = -109 1010 -42
[2024-04-20 18:52:36.965]  TEMPERATURE = 26.82 degree C
[2024-04-20 18:52:36.969]  HUMIDITY = 34.12 %
[2024-04-20 18:52:36.982]  ACCELERATION = -187 982 23
[2024-04-20 18:52:37.986]  TEMPERATURE = 26.80 degree C
[2024-04-20 18:52:38.001]  HUMIDITY = 34.12 %
[2024-04-20 18:52:38.009]  ACCELERATION = -85 959 35
[2024-04-20 18:52:39.018]  TEMPERATURE = 26.80 degree C
[2024-04-20 18:52:39.025]  HUMIDITY = 34.12 %
[2024-04-20 18:52:39.037]  ACCELERATION = -257 936 15
[2024-04-20 18:52:40.039]  TEMPERATURE = 26.78 degree C
[2024-04-20 18:52:40.056]  HUMIDITY = 34.11 %
[2024-04-20 18:52:40.063]  ACCELERATION = -132 994 15
[2024-04-20 18:52:41.078]  TEMPERATURE = 26.80 degree C
[2024-04-20 18:52:41.086]  HUMIDITY = 34.10 %
[2024-04-20 18:52:41.095]  ACCELERATION = -191 963 62
[2024-04-20 18:52:42.108]  TEMPERATURE = 26.82 degree C
[2024-04-20 18:52:42.109]  HUMIDITY = 34.15 %
[2024-04-20 18:52:42.124]  ACCELERATION = -23 971 27
[2024-04-20 18:52:43.136]  TEMPERATURE = 26.76 degree C
[2024-04-20 18:52:43.144]  HUMIDITY = 34.19 %
[2024-04-20 18:52:43.153]  ACCELERATION = -148 955 -54
[2024-04-20 18:52:44.157]  TEMPERATURE = 26.76 degree C
[2024-04-20 18:52:44.165]  HUMIDITY = 34.21 %
[2024-04-20 18:52:44.182]  ACCELERATION = 7 986 -27
[2024-04-20 18:52:44.182] 
[2024-04-20 18:52:45.191]  TEMPERATURE = 26.78 degree C
[2024-04-20 18:52:45.191]  HUMIDITY = 34.23 %
[2024-04-20 18:52:45.208]  ACCELERATION = -58 975 -23
[2024-04-20 18:52:46.217]  TEMPERATURE = 26.78 degree C
[2024-04-20 18:52:46.225]  HUMIDITY = 34.23 %
[2024-04-20 18:52:46.234]  ACCELERATION = -15 1002 23
[2024-04-20 18:52:47.237]  TEMPERATURE = 26.78 degree C
[2024-04-20 18:52:47.259]  HUMIDITY = 34.24 %
[2024-04-20 18:52:47.261]  ACCELERATION = -11 998 70
[2024-04-20 18:52:48.278]  TEMPERATURE = 26.72 degree C
[2024-04-20 18:52:48.281]  HUMIDITY = 34.23 %
[2024-04-20 18:52:48.292]  ACCELERATION = 19 916 50
[2024-04-20 18:52:49.302]  TEMPERATURE = 26.76 degree C
[2024-04-20 18:52:49.310]  HUMIDITY = 34.28 %
[2024-04-20 18:52:49.310]  ACCELERATION = -7 971 -46
[2024-04-20 18:52:50.329]  TEMPERATURE = 26.76 degree C
[2024-04-20 18:52:50.329]  HUMIDITY = 34.27 %
[2024-04-20 18:52:50.345]  ACCELERATION = -46 975 -70
[2024-04-20 18:52:51.361]  TEMPERATURE = 26.78 degree C
[2024-04-20 18:52:51.361]  HUMIDITY = 34.30 %
[2024-04-20 18:52:51.377]  ACCELERATION = -74 963 -101
[2024-04-20 18:52:52.380]  TEMPERATURE = 26.78 degree C
[2024-04-20 18:52:52.404]  HUMIDITY = 34.27 %
[2024-04-20 18:52:52.412]  ACCELERATION = -109 978 -93
[2024-04-20 18:52:53.407]  TEMPERATURE = 26.76 degree C
[2024-04-20 18:52:53.423]  HUMIDITY = 34.34 %
[2024-04-20 18:52:53.434]  ACCELERATION = -226 982 -3
[2024-04-20 18:52:54.445]  TEMPERATURE = 26.76 degree C
[2024-04-20 18:52:54.453]  HUMIDITY = 34.31 %
[2024-04-20 18:52:54.453]  ACCELERATION = -163 967 -39
[2024-04-20 18:52:55.472]  TEMPERATURE = 26.78 degree C
[2024-04-20 18:52:55.472]  HUMIDITY = 34.35 %
[2024-04-20 18:52:55.496]  ACCELERATION = -62 975 -58
[2024-04-20 18:52:56.505]  TEMPERATURE = 26.76 degree C
[2024-04-20 18:52:56.505]  HUMIDITY = 34.34 %
[2024-04-20 18:52:56.522]  ACCELERATION = -66 951 7
[2024-04-20 18:52:57.526]  TEMPERATURE = 26.78 degree C
[2024-04-20 18:52:57.541]  HUMIDITY = 34.39 %
[2024-04-20 18:52:57.550]  ACCELERATION = 35 975 0
[2024-04-20 18:52:58.555]  TEMPERATURE = 26.76 degree C
[2024-04-20 18:52:58.569]  HUMIDITY = 34.40 %
[2024-04-20 18:52:58.579]  ACCELERATION = 120 951 11
[2024-04-20 18:52:59.590]  TEMPERATURE = 26.76 degree C
[2024-04-20 18:52:59.590]  HUMIDITY = 34.45 %
[2024-04-20 18:52:59.606]  ACCELERATION = 148 1068 -85
[2024-04-20 18:53:00.618]  TEMPERATURE = 26.80 degree C
[2024-04-20 18:53:00.619]  HUMIDITY = 34.40 %
[2024-04-20 18:53:00.635]  ACCELERATION = 54 975 -42
[2024-04-20 18:53:01.635]  TEMPERATURE = 26.76 degree C
[2024-04-20 18:53:01.655]  HUMIDITY = 34.44 %
[2024-04-20 18:53:01.659]  ACCELERATION = 81 990 -35
[2024-04-20 18:53:02.675]  TEMPERATURE = 26.78 degree C
[2024-04-20 18:53:02.675]  HUMIDITY = 34.50 %
[2024-04-20 18:53:02.691]  ACCELERATION = -15 986 -35
[2024-04-20 18:53:03.699]  TEMPERATURE = 26.76 degree C
[2024-04-20 18:53:03.707]  HUMIDITY = 34.52 %
[2024-04-20 18:53:03.707]  ACCELERATION = -163 947 7
[2024-04-20 18:53:04.726]  TEMPERATURE = 26.78 degree C
[2024-04-20 18:53:04.740]  HUMIDITY = 34.56 %
[2024-04-20 18:53:04.749]  ACCELERATION = -27 1006 -7
[2024-04-20 18:53:05.757]  TEMPERATURE = 26.76 degree C
[2024-04-20 18:53:05.766]  HUMIDITY = 34.60 %
[2024-04-20 18:53:05.766]  ACCELERATION = -27 975 -11
[2024-04-20 18:53:06.789]  TEMPERATURE = 26.76 degree C
[2024-04-20 18:53:06.791]  HUMIDITY = 34.62 %
[2024-04-20 18:53:06.807]  ACCELERATION = -46 982 19
[2024-04-20 18:53:07.814]  TEMPERATURE = 26.78 degree C
[2024-04-20 18:53:07.814]  HUMIDITY = 34.58 %
[2024-04-20 18:53:07.833]  ACCELERATION = -31 1002 -11
[2024-04-20 18:53:08.843]  TEMPERATURE = 26.76 degree C
[2024-04-20 18:53:08.850]  HUMIDITY = 34.60 %
[2024-04-20 18:53:08.859]  ACCELERATION = -117 978 11
[2024-04-20 18:53:09.874]  TEMPERATURE = 26.74 degree C
[2024-04-20 18:53:09.874]  HUMIDITY = 34.61 %
[2024-04-20 18:53:09.891]  ACCELERATION = -89 1002 -35
[2024-04-20 18:53:10.903]  TEMPERATURE = 26.72 degree C
[2024-04-20 18:53:10.911]  HUMIDITY = 34.63 %
[2024-04-20 18:53:10.920]  ACCELERATION = -105 978 -42
[2024-04-20 18:53:11.932]  TEMPERATURE = 26.76 degree C
[2024-04-20 18:53:11.937]  HUMIDITY = 34.64 %
[2024-04-20 18:53:11.945]  ACCELERATION = -74 986 -35
[2024-04-20 18:53:12.955]  TEMPERATURE = 26.70 degree C
[2024-04-20 18:53:12.968]  HUMIDITY = 34.63 %
[2024-04-20 18:53:12.968]  ACCELERATION = 11 978 -74
[2024-04-20 18:53:13.984]  TEMPERATURE = 26.74 degree C
[2024-04-20 18:53:13.997]  HUMIDITY = 34.66 %
[2024-04-20 18:53:14.005]  ACCELERATION = 124 967 -58
[2024-04-20 18:53:15.010]  TEMPERATURE = 26.74 degree C
[2024-04-20 18:53:15.019]  HUMIDITY = 34.72 %
[2024-04-20 18:53:15.019]  ACCELERATION = 62 939 -148
[2024-04-20 18:53:16.041]  TEMPERATURE = 26.76 degree C
[2024-04-20 18:53:16.050]  HUMIDITY = 34.72 %
[2024-04-20 18:53:16.050]  ACCELERATION = 42 1045 -120
[2024-04-20 18:53:17.073]  TEMPERATURE = 26.74 degree C
[2024-04-20 18:53:17.073]  HUMIDITY = 34.77 %
[2024-04-20 18:53:17.091]  ACCELERATION = 0 1056 -159
[2024-04-20 18:53:18.101]  TEMPERATURE = 26.72 degree C
[2024-04-20 18:53:18.105]  HUMIDITY = 34.73 %
[2024-04-20 18:53:18.114]  ACCELERATION = -7 998 -85
[2024-04-20 18:53:19.131]  TEMPERATURE = 26.70 degree C
[2024-04-20 18:53:19.136]  HUMIDITY = 34.78 %
[2024-04-20 18:53:19.147]  ACCELERATION = 3 955 15
[2024-04-20 18:53:20.144]  TEMPERATURE = 26.70 degree C
[2024-04-20 18:53:20.161]  HUMIDITY = 34.75 %
[2024-04-20 18:53:20.169]  ACCELERATION = 31 936 11
[2024-04-20 18:53:21.177]  TEMPERATURE = 26.72 degree C
[2024-04-20 18:53:21.197]  HUMIDITY = 34.84 %
[2024-04-20 18:53:21.200]  ACCELERATION = 0 1021 -78
[2024-04-20 18:53:22.206]  TEMPERATURE = 26.70 degree C
[2024-04-20 18:53:22.223]  HUMIDITY = 34.85 %
[2024-04-20 18:53:22.230]  ACCELERATION = 39 998 -323
[2024-04-20 18:53:23.242]  TEMPERATURE = 26.76 degree C
[2024-04-20 18:53:23.250]  HUMIDITY = 34.85 %
[2024-04-20 18:53:23.259]  ACCELERATION = 0 1006 -167
[2024-04-20 18:53:24.273]  TEMPERATURE = 26.74 degree C
[2024-04-20 18:53:24.282]  HUMIDITY = 34.89 %
[2024-04-20 18:53:24.282]  ACCELERATION = -31 947 3
[2024-04-20 18:53:25.301]  TEMPERATURE = 26.72 degree C
[2024-04-20 18:53:25.310]  HUMIDITY = 34.91 %
[2024-04-20 18:53:25.310]  ACCELERATION = -105 963 81
[2024-04-20 18:53:26.324]  TEMPERATURE = 26.76 degree C
[2024-04-20 18:53:26.332]  HUMIDITY = 34.93 %
[2024-04-20 18:53:26.341]  ACCELERATION = -66 1002 93
[2024-04-20 18:53:27.343]  TEMPERATURE = 26.72 degree C
[2024-04-20 18:53:27.367]  HUMIDITY = 34.93 %
[2024-04-20 18:53:27.367]  ACCELERATION = -140 990 93
[2024-04-20 18:53:28.385]  TEMPERATURE = 26.72 degree C
[2024-04-20 18:53:28.385]  HUMIDITY = 34.92 %
[2024-04-20 18:53:28.405]  ACCELERATION = -35 963 97
[2024-04-20 18:53:29.411]  TEMPERATURE = 26.68 degree C
[2024-04-20 18:53:29.419]  HUMIDITY = 34.94 %
[2024-04-20 18:53:29.427]  ACCELERATION = -54 963 74
[2024-04-20 18:53:30.442]  TEMPERATURE = 26.74 degree C
[2024-04-20 18:53:30.450]  HUMIDITY = 35.00 %
[2024-04-20 18:53:30.458]  ACCELERATION = -66 975 54
[2024-04-20 18:53:31.466]  TEMPERATURE = 26.74 degree C
[2024-04-20 18:53:31.474]  HUMIDITY = 34.98 %
[2024-04-20 18:53:31.474]  ACCELERATION = -144 967 58
[2024-04-20 18:53:32.490]  TEMPERATURE = 26.72 degree C
[2024-04-20 18:53:32.508]  HUMIDITY = 35.05 %
[2024-04-20 18:53:32.514]  ACCELERATION = -156 959 70
[2024-04-20 18:53:33.523]  TEMPERATURE = 26.72 degree C
[2024-04-20 18:53:33.530]  HUMIDITY = 35.01 %
[2024-04-20 18:53:33.539]  ACCELERATION = 11 975 97
[2024-04-20 18:53:34.551]  TEMPERATURE = 26.72 degree C
[2024-04-20 18:53:34.551]  HUMIDITY = 35.06 %
[2024-04-20 18:53:34.575]  ACCELERATION = -62 978 85
[2024-04-20 18:53:35.574]  TEMPERATURE = 26.72 degree C
[2024-04-20 18:53:35.593]  HUMIDITY = 35.07 %
[2024-04-20 18:53:35.598]  ACCELERATION = -70 982 78
[2024-04-20 18:53:36.606]  TEMPERATURE = 26.74 degree C
[2024-04-20 18:53:36.623]  HUMIDITY = 35.13 %
[2024-04-20 18:53:36.630]  ACCELERATION = -148 955 85
[2024-04-20 18:53:37.641]  TEMPERATURE = 26.72 degree C
[2024-04-20 18:53:37.647]  HUMIDITY = 35.09 %
[2024-04-20 18:53:37.647]  ACCELERATION = -128 982 101
[2024-04-20 18:53:38.660]  TEMPERATURE = 26.72 degree C
[2024-04-20 18:53:38.677]  HUMIDITY = 35.13 %
[2024-04-20 18:53:38.684]  ACCELERATION = -97 986 93
[2024-04-20 18:53:39.697]  TEMPERATURE = 26.74 degree C
[2024-04-20 18:53:39.697]  HUMIDITY = 35.15 %
[2024-04-20 18:53:39.713]  ACCELERATION = -140 963 109
[2024-04-20 18:53:40.722]  TEMPERATURE = 26.70 degree C
[2024-04-20 18:53:40.730]  HUMIDITY = 35.19 %
[2024-04-20 18:53:40.739]  ACCELERATION = -81 971 97
[2024-04-20 18:53:41.753]  TEMPERATURE = 26.74 degree C
[2024-04-20 18:53:41.761]  HUMIDITY = 35.20 %
[2024-04-20 18:53:41.770]  ACCELERATION = 11 975 31
[2024-04-20 18:53:42.772]  TEMPERATURE = 26.72 degree C
[2024-04-20 18:53:42.789]  HUMIDITY = 35.19 %
[2024-04-20 18:53:42.796]  ACCELERATION = 89 971 -124
